<?xml version="1.0" encoding="UTF-8"?>
<testsuite xmlns:xsi="http://www.w3.org/2001/XMLSchema-instance" xsi:noNamespaceSchemaLocation="https://maven.apache.org/surefire/maven-surefire-plugin/xsd/surefire-test-report-3.0.xsd" version="3.0" name="com.example.ebookreader.controller.AuthControllerIntegrationTest" time="13.797" tests="2" errors="0" skipped="0" failures="0">
  <properties>
[...]
</properties>
  <testcase name="testLoginSuccess" classname="com.example.ebookreader.controller.AuthControllerIntegrationTest" time="0.987">
    <system-out><![CDATA[02:41:08.552 [main] INFO org.springframework.test.context.support.AnnotationConfigContextLoaderUtils -- Could not detect default configuration classes for test class [com.example.ebookreader.controller.AuthControllerIntegrationTest]: AuthControllerIntegrationTest does not declare any static, non-private, non-final, nested classes annotated with @Configuration.
02:41:08.848 [main] INFO org.springframework.boot.test.context.SpringBootTestContextBootstrapper -- Found @SpringBootConfiguration com.example.ebookreader.EbookreaderApplication for test class com.example.ebookreader.controller.AuthControllerIntegrationTest

  .   ____          _            __ _ _
 /\\ / ___'_ __ _ _(_)_ __  __ _ \ \ \ \
( ( )\___ | '_ | '_| | '_ \/ _` | \ \ \ \
 \\/  ___)| |_)| | | | | || (_| |  ) ) ) )
  '  |____| .__|_| |_|_| |_\__, | / / / /
 =========|_|==============|___/=/_/_/_/

 :: Spring Boot ::                (v3.3.3)

2026-02-20T02:41:09.720-05:00  INFO 8832 --- [           main] c.e.e.c.AuthControllerIntegrationTest    : Starting AuthControllerIntegrationTest using Java 17.0.18 with PID 8832 (started by ubuntu in /home/ubuntu/ebookreader/backend)
2026-02-20T02:41:09.722-05:00  INFO 8832 --- [           main] c.e.e.c.AuthControllerIntegrationTest    : The following 1 profile is active: "test"
2026-02-20T02:41:11.248-05:00  INFO 8832 --- [           main] .s.d.r.c.RepositoryConfigurationDelegate : Bootstrapping Spring Data JPA repositories in DEFAULT mode.
2026-02-20T02:41:11.516-05:00  INFO 8832 --- [           main] .s.d.r.c.RepositoryConfigurationDelegate : Finished Spring Data repository scanning in 251 ms. Found 4 JPA repository interfaces.
2026-02-20T02:41:12.527-05:00  INFO 8832 --- [           main] o.hibernate.jpa.internal.util.LogHelper  : HHH000204: Processing PersistenceUnitInfo [name: default]
2026-02-20T02:41:12.644-05:00  INFO 8832 --- [           main] org.hibernate.Version                    : HHH000412: Hibernate ORM core version 6.5.2.Final
2026-02-20T02:41:12.714-05:00  INFO 8832 --- [           main] o.h.c.internal.RegionFactoryInitiator    : HHH000026: Second-level cache disabled
2026-02-20T02:41:12.965-05:00  INFO 8832 --- [           main] o.s.o.j.p.SpringPersistenceUnitInfo      : No LoadTimeWeaver setup: ignoring JPA class transformer
2026-02-20T02:41:13.017-05:00  INFO 8832 --- [           main] com.zaxxer.hikari.HikariDataSource       : HikariPool-1 - Starting...
2026-02-20T02:41:13.527-05:00  INFO 8832 --- [           main] com.zaxxer.hikari.pool.HikariPool        : HikariPool-1 - Added connection conn0: url=jdbc:h2:mem:testdb user=SA
2026-02-20T02:41:13.530-05:00  INFO 8832 --- [           main] com.zaxxer.hikari.HikariDataSource       : HikariPool-1 - Start completed.
2026-02-20T02:41:13.584-05:00  WARN 8832 --- [           main] org.hibernate.orm.deprecation            : HHH90000025: H2Dialect does not need to be specified explicitly using 'hibernate.dialect' (remove the property setting and it will be selected by default)
2026-02-20T02:41:15.415-05:00  INFO 8832 --- [           main] o.h.e.t.j.p.i.JtaPlatformInitiator       : HHH000489: No JTA platform available (set 'hibernate.transaction.jta.platform' to enable JTA platform integration)
Hibernate: drop table if exists books cascade 
Hibernate: drop table if exists chapters cascade 
Hibernate: drop table if exists user_books cascade 
Hibernate: drop table if exists users cascade 
Hibernate: create table books (id bigint generated by default as identity, description varchar(2000), author varchar(255), cover_url varchar(255), title varchar(255) not null unique, primary key (id))
Hibernate: create table chapters (chapter_order integer not null, book_id bigint not null, id bigint generated by default as identity, content varchar(50000), title varchar(255), primary key (id))
Hibernate: create table user_books (bookmarked boolean not null, current_chapter integer not null, book_id bigint not null, id bigint generated by default as identity, user_id bigint not null, primary key (id))
Hibernate: create table users (id bigint generated by default as identity, email varchar(255) not null unique, nickname varchar(255) not null unique, password varchar(255) not null, role varchar(255) not null, primary key (id))
Hibernate: alter table if exists chapters add constraint FKed84iwj3kfagv35uls80txkj4 foreign key (book_id) references books
Hibernate: alter table if exists user_books add constraint FKa26s0po2ld5t5mi5sww9ca98 foreign key (book_id) references books
Hibernate: alter table if exists user_books add constraint FKseruwi8quqdx6svnurcamej55 foreign key (user_id) references users
2026-02-20T02:41:15.551-05:00  INFO 8832 --- [           main] j.LocalContainerEntityManagerFactoryBean : Initialized JPA EntityManagerFactory for persistence unit 'default'
2026-02-20T02:41:16.663-05:00  WARN 8832 --- [           main] JpaBaseConfiguration$JpaWebConfiguration : spring.jpa.open-in-view is enabled by default. Therefore, database queries may be performed during view rendering. Explicitly configure spring.jpa.open-in-view to disable this warning
2026-02-20T02:41:16.715-05:00  INFO 8832 --- [           main] r$InitializeUserDetailsManagerConfigurer : Global AuthenticationManager configured with UserDetailsService bean with name customUserDetailsService
2026-02-20T02:41:17.746-05:00  INFO 8832 --- [           main] efaultSchemaResourceGraphQlSourceBuilder : Loaded 1 resource(s) in the GraphQL schema.
2026-02-20T02:41:18.130-05:00  INFO 8832 --- [           main] o.s.b.a.g.GraphQlAutoConfiguration       : GraphQL schema inspection:
	Unmapped fields: {}
	Unmapped registrations: {}
	Unmapped arguments: {}
	Skipped types: []
2026-02-20T02:41:18.178-05:00  INFO 8832 --- [           main] s.b.a.g.s.GraphQlWebMvcAutoConfiguration : GraphQL endpoint HTTP POST /graphql
2026-02-20T02:41:20.171-05:00  WARN 8832 --- [           main] o.s.s.c.a.web.builders.WebSecurity       : You are asking Spring Security to ignore Deferred [Mvc [pattern='/graphql/**'], Ant [pattern='/graphql/**']]. This is not recommended -- please use permitAll via HttpSecurity#authorizeHttpRequests instead.
2026-02-20T02:41:20.172-05:00  WARN 8832 --- [           main] o.s.s.c.a.web.builders.WebSecurity       : You are asking Spring Security to ignore Deferred [Mvc [pattern='/graphiql/**'], Ant [pattern='/graphiql/**']]. This is not recommended -- please use permitAll via HttpSecurity#authorizeHttpRequests instead.
2026-02-20T02:41:20.172-05:00  WARN 8832 --- [           main] o.s.s.c.a.web.builders.WebSecurity       : You are asking Spring Security to ignore Deferred [Mvc [pattern='/favicon.ico'], Ant [pattern='/favicon.ico']]. This is not recommended -- please use permitAll via HttpSecurity#authorizeHttpRequests instead.
2026-02-20T02:41:20.714-05:00  INFO 8832 --- [           main] o.s.b.a.h2.H2ConsoleAutoConfiguration    : H2 console available at '/h2-console'. Database available at 'jdbc:h2:mem:testdb'
2026-02-20T02:41:20.868-05:00  INFO 8832 --- [           main] o.s.b.t.m.w.SpringBootMockServletContext : Initializing Spring TestDispatcherServlet ''
2026-02-20T02:41:20.869-05:00  INFO 8832 --- [           main] o.s.t.web.servlet.TestDispatcherServlet  : Initializing Servlet ''
2026-02-20T02:41:20.871-05:00  INFO 8832 --- [           main] o.s.t.web.servlet.TestDispatcherServlet  : Completed initialization in 2 ms
2026-02-20T02:41:20.897-05:00  INFO 8832 --- [           main] o.s.m.s.b.SimpleBrokerMessageHandler     : Starting...
2026-02-20T02:41:20.898-05:00  INFO 8832 --- [           main] o.s.m.s.b.SimpleBrokerMessageHandler     : BrokerAvailabilityEvent[available=true, SimpleBrokerMessageHandler [org.springframework.messaging.simp.broker.DefaultSubscriptionRegistry@7258e01d]]
2026-02-20T02:41:20.900-05:00  INFO 8832 --- [           main] o.s.m.s.b.SimpleBrokerMessageHandler     : Started.
2026-02-20T02:41:20.914-05:00  INFO 8832 --- [           main] c.e.e.c.AuthControllerIntegrationTest    : Started AuthControllerIntegrationTest in 11.776 seconds (process running for 16.055)
Hibernate: select u1_0.id,u1_0.email,u1_0.nickname,u1_0.password,u1_0.role from users u1_0
Hibernate: insert into users (email,nickname,password,role,id) values (?,?,?,?,default)

═══════════════════════════════════════
🔹 JWT FILTER - REQUEST
═══════════════════════════════════════
URI: /api/auth/login
Method: POST
✅ Публичный ресурс - пропуск JWT фильтра
═══════════════════════════════════════

Hibernate: select u1_0.id,u1_0.email,u1_0.nickname,u1_0.password,u1_0.role from users u1_0 where u1_0.nickname=?
🔹 Generating JWT token
   User ID: 1
   Username (nickname): testuser
   Authorities: ROLE_USER
   Issued at: Fri Feb 20 02:41:21 EST 2026
   Expires at: Fri Feb 20 12:41:21 EST 2026
   Token created (first 30 chars): eyJhbGciOiJIUzI1NiJ9.eyJ1c2VyS...
]]></system-out>
  </testcase>
  <testcase name="testLoginUnauthorized" classname="com.example.ebookreader.controller.AuthControllerIntegrationTest" time="0.215">
    <system-out><![CDATA[Hibernate: select u1_0.id,u1_0.email,u1_0.nickname,u1_0.password,u1_0.role from users u1_0
Hibernate: select ub1_0.user_id,ub1_0.id,ub1_0.book_id,b1_0.id,b1_0.author,b1_0.cover_url,b1_0.description,b1_0.title,ub1_0.bookmarked,ub1_0.current_chapter from user_books ub1_0 left join books b1_0 on b1_0.id=ub1_0.book_id where ub1_0.user_id=?
Hibernate: delete from users where id=?
Hibernate: insert into users (email,nickname,password,role,id) values (?,?,?,?,default)

═══════════════════════════════════════
🔹 JWT FILTER - REQUEST
═══════════════════════════════════════
URI: /api/auth/login
Method: POST
✅ Публичный ресурс - пропуск JWT фильтра
═══════════════════════════════════════

Hibernate: select u1_0.id,u1_0.email,u1_0.nickname,u1_0.password,u1_0.role from users u1_0 where u1_0.nickname=?
]]></system-out>
  </testcase>
</testsuite>